<?xml version="1.0" encoding="UTF-8"?>
<!-- Generated by org.testng.reporters.JUnitReportReporter -->
<testsuite name="Koustubh.HomePage" tests="1" time="41.751" ignored="0" failures="0" timestamp="25 Feb 2019 19:54:02 GMT" skipped="0" hostname="Shree-VAIO" errors="0">
  <testcase name="basePageNavigation" time="41.751" classname="Koustubh.HomePage"/>
</testsuite> <!-- Koustubh.HomePage -->
